<?xml version="1.0" encoding="UTF-8"?>
<!-- Generated by org.testng.reporters.JUnitReportReporter -->
<testsuite hostname="3b7b2133aad05b1" failures="0" tests="3" name="com.company.scm.repository.ProductRepositoryTest" time="0.699" errors="0" timestamp="2025-09-30T20:33:44 IST" skipped="0">
  <testcase classname="com.company.scm.repository.ProductRepositoryTest" name="testFindAll" time="0.005"/>
  <system-out/>
  <testcase classname="com.company.scm.repository.ProductRepositoryTest" name="testFindById_NotFound" time="0.694"/>
  <system-out/>
  <testcase classname="com.company.scm.repository.ProductRepositoryTest" name="testFindById_Success" time="0.000"/>
  <system-out/>
</testsuite> <!-- com.company.scm.repository.ProductRepositoryTest -->
